2023-03-03 12:56:32.847  INFO 8004 --- [main] edu.student.StudentJpaApplication        : Starting StudentJpaApplication using Java 17.0.4 on SONY with PID 8004 (E:\batch_kalai\19thcollection\studentJPA\target\classes started by SONY in E:\batch_kalai\19thcollection\studentJPA)
2023-03-03 12:56:32.849  INFO 8004 --- [main] edu.student.StudentJpaApplication        : No active profile set, falling back to 1 default profile: "default"
2023-03-03 12:56:33.239  INFO 8004 --- [main] .s.d.r.c.RepositoryConfigurationDelegate : Bootstrapping Spring Data JPA repositories in DEFAULT mode.
2023-03-03 12:56:33.275  INFO 8004 --- [main] .s.d.r.c.RepositoryConfigurationDelegate : Finished Spring Data repository scanning in 30 ms. Found 1 JPA repository interfaces.
2023-03-03 12:56:33.618  INFO 8004 --- [main] o.s.b.w.embedded.tomcat.TomcatWebServer  : Tomcat initialized with port(s): 10000 (http)
2023-03-03 12:56:33.626  INFO 8004 --- [main] o.apache.catalina.core.StandardService   : Starting service [Tomcat]
2023-03-03 12:56:33.626  INFO 8004 --- [main] org.apache.catalina.core.StandardEngine  : Starting Servlet engine: [Apache Tomcat/9.0.71]
2023-03-03 12:56:33.717  INFO 8004 --- [main] o.a.c.c.C.[Tomcat].[localhost].[/]       : Initializing Spring embedded WebApplicationContext
2023-03-03 12:56:33.718  INFO 8004 --- [main] w.s.c.ServletWebServerApplicationContext : Root WebApplicationContext: initialization completed in 837 ms
2023-03-03 12:56:33.741  INFO 8004 --- [main] com.zaxxer.hikari.HikariDataSource       : HikariPool-1 - Starting...
2023-03-03 12:56:33.877  INFO 8004 --- [main] com.zaxxer.hikari.HikariDataSource       : HikariPool-1 - Start completed.
2023-03-03 12:56:33.885  INFO 8004 --- [main] o.s.b.a.h2.H2ConsoleAutoConfiguration    : H2 console available at '/h2amitava'. Database available at 'jdbc:h2:mem:sonali'
2023-03-03 12:56:33.997  INFO 8004 --- [main] o.hibernate.jpa.internal.util.LogHelper  : HHH000204: Processing PersistenceUnitInfo [name: default]
2023-03-03 12:56:34.028  INFO 8004 --- [main] org.hibernate.Version                    : HHH000412: Hibernate ORM core version 5.6.15.Final
2023-03-03 12:56:34.128  INFO 8004 --- [main] o.hibernate.annotations.common.Version   : HCANN000001: Hibernate Commons Annotations {5.1.2.Final}
2023-03-03 12:56:34.206  INFO 8004 --- [main] org.hibernate.dialect.Dialect            : HHH000400: Using dialect: org.hibernate.dialect.H2Dialect
2023-03-03 12:56:34.578  INFO 8004 --- [main] o.h.e.t.j.p.i.JtaPlatformInitiator       : HHH000490: Using JtaPlatform implementation: [org.hibernate.engine.transaction.jta.platform.internal.NoJtaPlatform]
2023-03-03 12:56:34.584  INFO 8004 --- [main] j.LocalContainerEntityManagerFactoryBean : Initialized JPA EntityManagerFactory for persistence unit 'default'
2023-03-03 12:56:34.772  WARN 8004 --- [main] JpaBaseConfiguration$JpaWebConfiguration : spring.jpa.open-in-view is enabled by default. Therefore, database queries may be performed during view rendering. Explicitly configure spring.jpa.open-in-view to disable this warning
2023-03-03 12:56:34.990  WARN 8004 --- [main] ConfigServletWebServerApplicationContext : Exception encountered during context initialization - cancelling refresh attempt: org.springframework.context.ApplicationContextException: Failed to start bean 'webServerStartStop'; nested exception is org.springframework.boot.web.server.PortInUseException: Port 10000 is already in use
2023-03-03 12:56:34.992  INFO 8004 --- [main] j.LocalContainerEntityManagerFactoryBean : Closing JPA EntityManagerFactory for persistence unit 'default'
2023-03-03 12:56:34.994  INFO 8004 --- [main] com.zaxxer.hikari.HikariDataSource       : HikariPool-1 - Shutdown initiated...
2023-03-03 12:56:34.999  INFO 8004 --- [main] com.zaxxer.hikari.HikariDataSource       : HikariPool-1 - Shutdown completed.
2023-03-03 12:56:35.001  INFO 8004 --- [main] o.apache.catalina.core.StandardService   : Stopping service [Tomcat]
2023-03-03 12:56:35.015  INFO 8004 --- [main] ConditionEvaluationReportLoggingListener : 

Error starting ApplicationContext. To display the conditions report re-run your application with 'debug' enabled.
2023-03-03 12:56:35.031 ERROR 8004 --- [main] o.s.b.d.LoggingFailureAnalysisReporter   : 

***************************
APPLICATION FAILED TO START
***************************

Description:

Web server failed to start. Port 10000 was already in use.

Action:

Identify and stop the process that's listening on port 10000 or configure this application to listen on another port.

2023-03-03 12:57:20.959  INFO 11504 --- [main] edu.student.StudentJpaApplication        : Starting StudentJpaApplication using Java 17.0.4 on SONY with PID 11504 (E:\batch_kalai\19thcollection\studentJPA\target\classes started by SONY in E:\batch_kalai\19thcollection\studentJPA)
2023-03-03 12:57:20.960  INFO 11504 --- [main] edu.student.StudentJpaApplication        : No active profile set, falling back to 1 default profile: "default"
2023-03-03 12:57:21.324  INFO 11504 --- [main] .s.d.r.c.RepositoryConfigurationDelegate : Bootstrapping Spring Data JPA repositories in DEFAULT mode.
2023-03-03 12:57:21.355  INFO 11504 --- [main] .s.d.r.c.RepositoryConfigurationDelegate : Finished Spring Data repository scanning in 26 ms. Found 1 JPA repository interfaces.
2023-03-03 12:57:21.662  INFO 11504 --- [main] o.s.b.w.embedded.tomcat.TomcatWebServer  : Tomcat initialized with port(s): 10000 (http)
2023-03-03 12:57:21.668  INFO 11504 --- [main] o.apache.catalina.core.StandardService   : Starting service [Tomcat]
2023-03-03 12:57:21.669  INFO 11504 --- [main] org.apache.catalina.core.StandardEngine  : Starting Servlet engine: [Apache Tomcat/9.0.71]
2023-03-03 12:57:21.745  INFO 11504 --- [main] o.a.c.c.C.[Tomcat].[localhost].[/]       : Initializing Spring embedded WebApplicationContext
2023-03-03 12:57:21.746  INFO 11504 --- [main] w.s.c.ServletWebServerApplicationContext : Root WebApplicationContext: initialization completed in 754 ms
2023-03-03 12:57:21.765  INFO 11504 --- [main] com.zaxxer.hikari.HikariDataSource       : HikariPool-1 - Starting...
2023-03-03 12:57:21.874  INFO 11504 --- [main] com.zaxxer.hikari.HikariDataSource       : HikariPool-1 - Start completed.
2023-03-03 12:57:21.882  INFO 11504 --- [main] o.s.b.a.h2.H2ConsoleAutoConfiguration    : H2 console available at '/h2amitava'. Database available at 'jdbc:h2:mem:sonali'
2023-03-03 12:57:21.976  INFO 11504 --- [main] o.hibernate.jpa.internal.util.LogHelper  : HHH000204: Processing PersistenceUnitInfo [name: default]
2023-03-03 12:57:22.002  INFO 11504 --- [main] org.hibernate.Version                    : HHH000412: Hibernate ORM core version 5.6.15.Final
2023-03-03 12:57:22.089  INFO 11504 --- [main] o.hibernate.annotations.common.Version   : HCANN000001: Hibernate Commons Annotations {5.1.2.Final}
2023-03-03 12:57:22.159  INFO 11504 --- [main] org.hibernate.dialect.Dialect            : HHH000400: Using dialect: org.hibernate.dialect.H2Dialect
2023-03-03 12:57:22.460  INFO 11504 --- [main] o.h.e.t.j.p.i.JtaPlatformInitiator       : HHH000490: Using JtaPlatform implementation: [org.hibernate.engine.transaction.jta.platform.internal.NoJtaPlatform]
2023-03-03 12:57:22.467  INFO 11504 --- [main] j.LocalContainerEntityManagerFactoryBean : Initialized JPA EntityManagerFactory for persistence unit 'default'
2023-03-03 12:57:22.623  WARN 11504 --- [main] JpaBaseConfiguration$JpaWebConfiguration : spring.jpa.open-in-view is enabled by default. Therefore, database queries may be performed during view rendering. Explicitly configure spring.jpa.open-in-view to disable this warning
2023-03-03 12:57:22.816  INFO 11504 --- [main] o.s.b.w.embedded.tomcat.TomcatWebServer  : Tomcat started on port(s): 10000 (http) with context path ''
2023-03-03 12:57:22.822  INFO 11504 --- [main] edu.student.StudentJpaApplication        : Started StudentJpaApplication in 2.122 seconds (JVM running for 2.507)
2023-03-03 12:57:45.740  INFO 11504 --- [RMI TCP Connection(8)-127.0.0.1] inMXBeanRegistrar$SpringApplicationAdmin : Application shutdown requested.
2023-03-03 12:57:45.770  INFO 11504 --- [RMI TCP Connection(8)-127.0.0.1] o.apache.catalina.core.StandardService   : Stopping service [Tomcat]
2023-03-03 12:57:45.785  INFO 11504 --- [RMI TCP Connection(8)-127.0.0.1] j.LocalContainerEntityManagerFactoryBean : Closing JPA EntityManagerFactory for persistence unit 'default'
2023-03-03 12:57:45.788  INFO 11504 --- [RMI TCP Connection(8)-127.0.0.1] com.zaxxer.hikari.HikariDataSource       : HikariPool-1 - Shutdown initiated...
2023-03-03 12:57:45.792  INFO 11504 --- [RMI TCP Connection(8)-127.0.0.1] com.zaxxer.hikari.HikariDataSource       : HikariPool-1 - Shutdown completed.
2023-03-03 13:01:06.803  INFO 9924 --- [main] edu.student.StudentJpaApplication        : Starting StudentJpaApplication using Java 17.0.4 on SONY with PID 9924 (E:\batch_kalai\19thcollection\studentJPA\target\classes started by SONY in E:\batch_kalai\19thcollection\studentJPA)
2023-03-03 13:01:06.805  INFO 9924 --- [main] edu.student.StudentJpaApplication        : No active profile set, falling back to 1 default profile: "default"
2023-03-03 13:01:07.191  INFO 9924 --- [main] .s.d.r.c.RepositoryConfigurationDelegate : Bootstrapping Spring Data JPA repositories in DEFAULT mode.
2023-03-03 13:01:07.226  INFO 9924 --- [main] .s.d.r.c.RepositoryConfigurationDelegate : Finished Spring Data repository scanning in 30 ms. Found 1 JPA repository interfaces.
2023-03-03 13:01:07.550  INFO 9924 --- [main] o.s.b.w.embedded.tomcat.TomcatWebServer  : Tomcat initialized with port(s): 10000 (http)
2023-03-03 13:01:07.556  INFO 9924 --- [main] o.apache.catalina.core.StandardService   : Starting service [Tomcat]
2023-03-03 13:01:07.556  INFO 9924 --- [main] org.apache.catalina.core.StandardEngine  : Starting Servlet engine: [Apache Tomcat/9.0.71]
2023-03-03 13:01:07.635  INFO 9924 --- [main] o.a.c.c.C.[Tomcat].[localhost].[/]       : Initializing Spring embedded WebApplicationContext
2023-03-03 13:01:07.635  INFO 9924 --- [main] w.s.c.ServletWebServerApplicationContext : Root WebApplicationContext: initialization completed in 797 ms
2023-03-03 13:01:07.654  INFO 9924 --- [main] com.zaxxer.hikari.HikariDataSource       : HikariPool-1 - Starting...
2023-03-03 13:01:07.763  INFO 9924 --- [main] com.zaxxer.hikari.HikariDataSource       : HikariPool-1 - Start completed.
2023-03-03 13:01:07.770  INFO 9924 --- [main] o.s.b.a.h2.H2ConsoleAutoConfiguration    : H2 console available at '/h2amitava'. Database available at 'jdbc:h2:mem:sonali'
2023-03-03 13:01:07.867  INFO 9924 --- [main] o.hibernate.jpa.internal.util.LogHelper  : HHH000204: Processing PersistenceUnitInfo [name: default]
2023-03-03 13:01:07.893  INFO 9924 --- [main] org.hibernate.Version                    : HHH000412: Hibernate ORM core version 5.6.15.Final
2023-03-03 13:01:07.975  INFO 9924 --- [main] o.hibernate.annotations.common.Version   : HCANN000001: Hibernate Commons Annotations {5.1.2.Final}
2023-03-03 13:01:08.041  INFO 9924 --- [main] org.hibernate.dialect.Dialect            : HHH000400: Using dialect: org.hibernate.dialect.H2Dialect
2023-03-03 13:01:08.348  INFO 9924 --- [main] o.h.e.t.j.p.i.JtaPlatformInitiator       : HHH000490: Using JtaPlatform implementation: [org.hibernate.engine.transaction.jta.platform.internal.NoJtaPlatform]
2023-03-03 13:01:08.355  INFO 9924 --- [main] j.LocalContainerEntityManagerFactoryBean : Initialized JPA EntityManagerFactory for persistence unit 'default'
2023-03-03 13:01:08.520  WARN 9924 --- [main] JpaBaseConfiguration$JpaWebConfiguration : spring.jpa.open-in-view is enabled by default. Therefore, database queries may be performed during view rendering. Explicitly configure spring.jpa.open-in-view to disable this warning
2023-03-03 13:01:08.716  INFO 9924 --- [main] o.s.b.w.embedded.tomcat.TomcatWebServer  : Tomcat started on port(s): 10000 (http) with context path ''
2023-03-03 13:01:08.724  INFO 9924 --- [main] edu.student.StudentJpaApplication        : Started StudentJpaApplication in 2.194 seconds (JVM running for 2.576)
2023-03-03 13:02:44.319  INFO 9924 --- [RMI TCP Connection(11)-127.0.0.1] inMXBeanRegistrar$SpringApplicationAdmin : Application shutdown requested.
2023-03-03 13:02:44.332  INFO 9924 --- [RMI TCP Connection(11)-127.0.0.1] o.apache.catalina.core.StandardService   : Stopping service [Tomcat]
2023-03-03 13:02:44.338  INFO 9924 --- [RMI TCP Connection(11)-127.0.0.1] j.LocalContainerEntityManagerFactoryBean : Closing JPA EntityManagerFactory for persistence unit 'default'
2023-03-03 13:02:44.339  INFO 9924 --- [RMI TCP Connection(11)-127.0.0.1] com.zaxxer.hikari.HikariDataSource       : HikariPool-1 - Shutdown initiated...
2023-03-03 13:02:44.340  INFO 9924 --- [RMI TCP Connection(11)-127.0.0.1] com.zaxxer.hikari.HikariDataSource       : HikariPool-1 - Shutdown completed.
2023-03-03 13:02:53.715  INFO 13920 --- [main] edu.student.StudentJpaApplication        : Starting StudentJpaApplication using Java 17.0.4 on SONY with PID 13920 (E:\batch_kalai\19thcollection\studentJPA\target\classes started by SONY in E:\batch_kalai\19thcollection\studentJPA)
2023-03-03 13:02:53.717  INFO 13920 --- [main] edu.student.StudentJpaApplication        : No active profile set, falling back to 1 default profile: "default"
2023-03-03 13:02:54.122  INFO 13920 --- [main] .s.d.r.c.RepositoryConfigurationDelegate : Bootstrapping Spring Data JPA repositories in DEFAULT mode.
2023-03-03 13:02:54.176  INFO 13920 --- [main] .s.d.r.c.RepositoryConfigurationDelegate : Finished Spring Data repository scanning in 44 ms. Found 1 JPA repository interfaces.
2023-03-03 13:02:54.529  INFO 13920 --- [main] o.s.b.w.embedded.tomcat.TomcatWebServer  : Tomcat initialized with port(s): 10000 (http)
2023-03-03 13:02:54.536  INFO 13920 --- [main] o.apache.catalina.core.StandardService   : Starting service [Tomcat]
2023-03-03 13:02:54.536  INFO 13920 --- [main] org.apache.catalina.core.StandardEngine  : Starting Servlet engine: [Apache Tomcat/9.0.71]
2023-03-03 13:02:54.612  INFO 13920 --- [main] o.a.c.c.C.[Tomcat].[localhost].[/]       : Initializing Spring embedded WebApplicationContext
2023-03-03 13:02:54.612  INFO 13920 --- [main] w.s.c.ServletWebServerApplicationContext : Root WebApplicationContext: initialization completed in 861 ms
2023-03-03 13:02:54.641  INFO 13920 --- [main] com.zaxxer.hikari.HikariDataSource       : HikariPool-1 - Starting...
2023-03-03 13:02:54.774  INFO 13920 --- [main] com.zaxxer.hikari.HikariDataSource       : HikariPool-1 - Start completed.
2023-03-03 13:02:54.781  INFO 13920 --- [main] o.s.b.a.h2.H2ConsoleAutoConfiguration    : H2 console available at '/h2amitava'. Database available at 'jdbc:h2:mem:sonali'
2023-03-03 13:02:54.870  INFO 13920 --- [main] o.hibernate.jpa.internal.util.LogHelper  : HHH000204: Processing PersistenceUnitInfo [name: default]
2023-03-03 13:02:54.895  INFO 13920 --- [main] org.hibernate.Version                    : HHH000412: Hibernate ORM core version 5.6.15.Final
2023-03-03 13:02:54.993  INFO 13920 --- [main] o.hibernate.annotations.common.Version   : HCANN000001: Hibernate Commons Annotations {5.1.2.Final}
2023-03-03 13:02:55.067  INFO 13920 --- [main] org.hibernate.dialect.Dialect            : HHH000400: Using dialect: org.hibernate.dialect.H2Dialect
2023-03-03 13:02:55.378  INFO 13920 --- [main] o.h.e.t.j.p.i.JtaPlatformInitiator       : HHH000490: Using JtaPlatform implementation: [org.hibernate.engine.transaction.jta.platform.internal.NoJtaPlatform]
2023-03-03 13:02:55.387  INFO 13920 --- [main] j.LocalContainerEntityManagerFactoryBean : Initialized JPA EntityManagerFactory for persistence unit 'default'
2023-03-03 13:02:55.553  WARN 13920 --- [main] JpaBaseConfiguration$JpaWebConfiguration : spring.jpa.open-in-view is enabled by default. Therefore, database queries may be performed during view rendering. Explicitly configure spring.jpa.open-in-view to disable this warning
2023-03-03 13:02:55.744  INFO 13920 --- [main] o.s.b.w.embedded.tomcat.TomcatWebServer  : Tomcat started on port(s): 10000 (http) with context path ''
2023-03-03 13:02:55.749  INFO 13920 --- [main] edu.student.StudentJpaApplication        : Started StudentJpaApplication in 2.301 seconds (JVM running for 2.675)
